<?xml version="1.0" encoding="UTF-8"?>
<testng-results skipped="0" failed="0" total="1" passed="1">
  <reporter-output>
  </reporter-output>
  <suite name="Default suite" duration-ms="142577" started-at="2016-12-25T09:37:55Z" finished-at="2016-12-25T09:40:18Z">
    <groups>
    </groups>
    <test name="Default test" duration-ms="142577" started-at="2016-12-25T09:37:55Z" finished-at="2016-12-25T09:40:18Z">
      <class name="PageObjMain.Pom_exec">
        <test-method status="PASS" signature="f()[pri:0, instance:PageObjMain.Pom_exec@643b1d11]" name="f" duration-ms="142515" started-at="2016-12-25T15:07:55Z" finished-at="2016-12-25T15:10:18Z">
          <reporter-output>
          </reporter-output>
        </test-method> <!-- f -->
      </class> <!-- PageObjMain.Pom_exec -->
    </test> <!-- Default test -->
  </suite> <!-- Default suite -->
</testng-results>
